C:\USERS\JONOLSS\DESKTOP\MUNIN-IMAGE_PROCESSING NEW FELIX\EDGEDETECTION\EDGEDETECTION\EDGEDETECTION\DEBUG\FILEREADER.OBJ
C:\USERS\JONOLSS\DESKTOP\MUNIN-IMAGE_PROCESSING NEW FELIX\EDGEDETECTION\EDGEDETECTION\EDGEDETECTION\DEBUG\STRUTIL.OBJ
C:\USERS\JONOLSS\DESKTOP\MUNIN-IMAGE_PROCESSING NEW FELIX\EDGEDETECTION\EDGEDETECTION\EDGEDETECTION\DEBUG\VC110.PDB
C:\USERS\JONOLSS\DESKTOP\MUNIN-IMAGE_PROCESSING NEW FELIX\EDGEDETECTION\EDGEDETECTION\EDGEDETECTION\DEBUG\EDGEDETECTION.OBJ
C:\USERS\JONOLSS\DESKTOP\MUNIN-IMAGE_PROCESSING NEW FELIX\EDGEDETECTION\EDGEDETECTION\EDGEDETECTION\DEBUG\IMGUTIL.OBJ
C:\USERS\JONOLSS\DESKTOP\MUNIN-IMAGE_PROCESSING NEW FELIX\EDGEDETECTION\EDGEDETECTION\EDGEDETECTION\DEBUG\TEMPLATEDETECTION.OBJ
C:\USERS\JONOLSS\DESKTOP\MUNIN-IMAGE_PROCESSING NEW FELIX\EDGEDETECTION\EDGEDETECTION\EDGEDETECTION\DEBUG\CANNYDETECTOR.OBJ
C:\USERS\JONOLSS\DESKTOP\MUNIN-IMAGE_PROCESSING-CANNY-EDGE\EDGEDETECTION\EDGEDETECTION\EDGEDETECTION\DEBUG\CANNYDETECTOR.OBJ
C:\USERS\JONOLSS\DESKTOP\MUNIN-IMAGE_PROCESSING-CANNY-EDGE\EDGEDETECTION\EDGEDETECTION\EDGEDETECTION\DEBUG\EDGEDETECTION.OBJ
C:\USERS\JONOLSS\DESKTOP\MUNIN-IMAGE_PROCESSING-CANNY-EDGE\EDGEDETECTION\EDGEDETECTION\EDGEDETECTION\DEBUG\IMGUTIL.OBJ
C:\USERS\JONOLSS\DESKTOP\MUNIN-IMAGE_PROCESSING-CANNY-EDGE\EDGEDETECTION\EDGEDETECTION\EDGEDETECTION\DEBUG\STRUTIL.OBJ
C:\USERS\JONOLSS\DESKTOP\MUNIN-IMAGE_PROCESSING-CANNY-EDGE\EDGEDETECTION\EDGEDETECTION\EDGEDETECTION\DEBUG\TEMPLATEDETECTION.OBJ
C:\USERS\JONOLSS\DESKTOP\MUNIN-IMAGE_PROCESSING-CANNY-EDGE\EDGEDETECTION\EDGEDETECTION\EDGEDETECTION\DEBUG\VC110.PDB
C:\USERS\JONOLSS\DESKTOP\MUNIN-IMAGE_PROCESSING-CANNY-EDGE\EDGEDETECTION\EDGEDETECTION\EDGEDETECTION\DEBUG\FILEREADER.OBJ
C:\USERS\JONOLSS\DESKTOP\MUNIN-IMAGE_PROCESSING NEW FELIX\EDGEDETECTION\EDGEDETECTION\DEBUG\EDGEDETECTION.ILK
C:\USERS\JONOLSS\DESKTOP\MUNIN-IMAGE_PROCESSING NEW FELIX\EDGEDETECTION\EDGEDETECTION\DEBUG\EDGEDETECTION.EXE
C:\USERS\JONOLSS\DESKTOP\MUNIN-IMAGE_PROCESSING NEW FELIX\EDGEDETECTION\EDGEDETECTION\DEBUG\EDGEDETECTION.PDB
C:\Users\jonolss\Desktop\munin-image_processing-canny-edge\EdgeDetection\EdgeDetection\EdgeDetection\Debug\cannyDetector.obj
C:\Users\jonolss\Desktop\munin-image_processing-canny-edge\EdgeDetection\EdgeDetection\EdgeDetection\Debug\EdgeDetection.obj
C:\Users\jonolss\Desktop\munin-image_processing-canny-edge\EdgeDetection\EdgeDetection\EdgeDetection\Debug\fileReader.obj
C:\Users\jonolss\Desktop\munin-image_processing-canny-edge\EdgeDetection\EdgeDetection\EdgeDetection\Debug\imgutil.obj
C:\Users\jonolss\Desktop\munin-image_processing-canny-edge\EdgeDetection\EdgeDetection\EdgeDetection\Debug\strutil.obj
C:\Users\jonolss\Desktop\munin-image_processing-canny-edge\EdgeDetection\EdgeDetection\EdgeDetection\Debug\templateDetection.obj
C:\Users\jonolss\Desktop\munin-image_processing-canny-edge\EdgeDetection\EdgeDetection\EdgeDetection\Debug\EdgeDetection.ilk
C:\Users\jonolss\Desktop\munin-image_processing-canny-edge\EdgeDetection\EdgeDetection\EdgeDetection\Debug\cl.command.1.tlog
C:\Users\jonolss\Desktop\munin-image_processing-canny-edge\EdgeDetection\EdgeDetection\EdgeDetection\Debug\CL.read.1.tlog
C:\Users\jonolss\Desktop\munin-image_processing-canny-edge\EdgeDetection\EdgeDetection\EdgeDetection\Debug\CL.write.1.tlog
C:\Users\jonolss\Desktop\munin-image_processing-canny-edge\EdgeDetection\EdgeDetection\EdgeDetection\Debug\link-cvtres.read.1.tlog
C:\Users\jonolss\Desktop\munin-image_processing-canny-edge\EdgeDetection\EdgeDetection\EdgeDetection\Debug\link-cvtres.write.1.tlog
C:\Users\jonolss\Desktop\munin-image_processing-canny-edge\EdgeDetection\EdgeDetection\EdgeDetection\Debug\link-rc.read.1.tlog
C:\Users\jonolss\Desktop\munin-image_processing-canny-edge\EdgeDetection\EdgeDetection\EdgeDetection\Debug\link-rc.write.1.tlog
C:\Users\jonolss\Desktop\munin-image_processing-canny-edge\EdgeDetection\EdgeDetection\EdgeDetection\Debug\link.1684-cvtres.read.1.tlog
C:\Users\jonolss\Desktop\munin-image_processing-canny-edge\EdgeDetection\EdgeDetection\EdgeDetection\Debug\link.1684-cvtres.write.1.tlog
C:\Users\jonolss\Desktop\munin-image_processing-canny-edge\EdgeDetection\EdgeDetection\EdgeDetection\Debug\link.1684-rc.read.1.tlog
C:\Users\jonolss\Desktop\munin-image_processing-canny-edge\EdgeDetection\EdgeDetection\EdgeDetection\Debug\link.1684-rc.write.1.tlog
C:\Users\jonolss\Desktop\munin-image_processing-canny-edge\EdgeDetection\EdgeDetection\EdgeDetection\Debug\link.1684.read.1.tlog
C:\Users\jonolss\Desktop\munin-image_processing-canny-edge\EdgeDetection\EdgeDetection\EdgeDetection\Debug\link.1684.write.1.tlog
C:\Users\jonolss\Desktop\munin-image_processing-canny-edge\EdgeDetection\EdgeDetection\EdgeDetection\Debug\link.1880-cvtres.read.1.tlog
C:\Users\jonolss\Desktop\munin-image_processing-canny-edge\EdgeDetection\EdgeDetection\EdgeDetection\Debug\link.1880-cvtres.write.1.tlog
C:\Users\jonolss\Desktop\munin-image_processing-canny-edge\EdgeDetection\EdgeDetection\EdgeDetection\Debug\link.1880-rc.read.1.tlog
C:\Users\jonolss\Desktop\munin-image_processing-canny-edge\EdgeDetection\EdgeDetection\EdgeDetection\Debug\link.1880-rc.write.1.tlog
C:\Users\jonolss\Desktop\munin-image_processing-canny-edge\EdgeDetection\EdgeDetection\EdgeDetection\Debug\link.1880.read.1.tlog
C:\Users\jonolss\Desktop\munin-image_processing-canny-edge\EdgeDetection\EdgeDetection\EdgeDetection\Debug\link.1880.write.1.tlog
C:\Users\jonolss\Desktop\munin-image_processing-canny-edge\EdgeDetection\EdgeDetection\EdgeDetection\Debug\link.2100-cvtres.read.1.tlog
C:\Users\jonolss\Desktop\munin-image_processing-canny-edge\EdgeDetection\EdgeDetection\EdgeDetection\Debug\link.2100-cvtres.write.1.tlog
C:\Users\jonolss\Desktop\munin-image_processing-canny-edge\EdgeDetection\EdgeDetection\EdgeDetection\Debug\link.2100-rc.read.1.tlog
C:\Users\jonolss\Desktop\munin-image_processing-canny-edge\EdgeDetection\EdgeDetection\EdgeDetection\Debug\link.2100-rc.write.1.tlog
C:\Users\jonolss\Desktop\munin-image_processing-canny-edge\EdgeDetection\EdgeDetection\EdgeDetection\Debug\link.2100.read.1.tlog
C:\Users\jonolss\Desktop\munin-image_processing-canny-edge\EdgeDetection\EdgeDetection\EdgeDetection\Debug\link.2100.write.1.tlog
C:\Users\jonolss\Desktop\munin-image_processing-canny-edge\EdgeDetection\EdgeDetection\EdgeDetection\Debug\link.2752-cvtres.read.1.tlog
C:\Users\jonolss\Desktop\munin-image_processing-canny-edge\EdgeDetection\EdgeDetection\EdgeDetection\Debug\link.2752-cvtres.write.1.tlog
C:\Users\jonolss\Desktop\munin-image_processing-canny-edge\EdgeDetection\EdgeDetection\EdgeDetection\Debug\link.2752-rc.read.1.tlog
C:\Users\jonolss\Desktop\munin-image_processing-canny-edge\EdgeDetection\EdgeDetection\EdgeDetection\Debug\link.2752-rc.write.1.tlog
C:\Users\jonolss\Desktop\munin-image_processing-canny-edge\EdgeDetection\EdgeDetection\EdgeDetection\Debug\link.2752.read.1.tlog
C:\Users\jonolss\Desktop\munin-image_processing-canny-edge\EdgeDetection\EdgeDetection\EdgeDetection\Debug\link.2752.write.1.tlog
C:\Users\jonolss\Desktop\munin-image_processing-canny-edge\EdgeDetection\EdgeDetection\EdgeDetection\Debug\link.3040-cvtres.read.1.tlog
C:\Users\jonolss\Desktop\munin-image_processing-canny-edge\EdgeDetection\EdgeDetection\EdgeDetection\Debug\link.3040-cvtres.write.1.tlog
C:\Users\jonolss\Desktop\munin-image_processing-canny-edge\EdgeDetection\EdgeDetection\EdgeDetection\Debug\link.3040-rc.read.1.tlog
C:\Users\jonolss\Desktop\munin-image_processing-canny-edge\EdgeDetection\EdgeDetection\EdgeDetection\Debug\link.3040-rc.write.1.tlog
C:\Users\jonolss\Desktop\munin-image_processing-canny-edge\EdgeDetection\EdgeDetection\EdgeDetection\Debug\link.3040.read.1.tlog
C:\Users\jonolss\Desktop\munin-image_processing-canny-edge\EdgeDetection\EdgeDetection\EdgeDetection\Debug\link.3040.write.1.tlog
C:\Users\jonolss\Desktop\munin-image_processing-canny-edge\EdgeDetection\EdgeDetection\EdgeDetection\Debug\link.3228-cvtres.read.1.tlog
C:\Users\jonolss\Desktop\munin-image_processing-canny-edge\EdgeDetection\EdgeDetection\EdgeDetection\Debug\link.3228-cvtres.write.1.tlog
C:\Users\jonolss\Desktop\munin-image_processing-canny-edge\EdgeDetection\EdgeDetection\EdgeDetection\Debug\link.3228-rc.read.1.tlog
C:\Users\jonolss\Desktop\munin-image_processing-canny-edge\EdgeDetection\EdgeDetection\EdgeDetection\Debug\link.3228-rc.write.1.tlog
C:\Users\jonolss\Desktop\munin-image_processing-canny-edge\EdgeDetection\EdgeDetection\EdgeDetection\Debug\link.3228.read.1.tlog
C:\Users\jonolss\Desktop\munin-image_processing-canny-edge\EdgeDetection\EdgeDetection\EdgeDetection\Debug\link.3228.write.1.tlog
C:\Users\jonolss\Desktop\munin-image_processing-canny-edge\EdgeDetection\EdgeDetection\EdgeDetection\Debug\link.3496-cvtres.read.1.tlog
C:\Users\jonolss\Desktop\munin-image_processing-canny-edge\EdgeDetection\EdgeDetection\EdgeDetection\Debug\link.3496-cvtres.write.1.tlog
C:\Users\jonolss\Desktop\munin-image_processing-canny-edge\EdgeDetection\EdgeDetection\EdgeDetection\Debug\link.3496-rc.read.1.tlog
C:\Users\jonolss\Desktop\munin-image_processing-canny-edge\EdgeDetection\EdgeDetection\EdgeDetection\Debug\link.3496-rc.write.1.tlog
C:\Users\jonolss\Desktop\munin-image_processing-canny-edge\EdgeDetection\EdgeDetection\EdgeDetection\Debug\link.3496.read.1.tlog
C:\Users\jonolss\Desktop\munin-image_processing-canny-edge\EdgeDetection\EdgeDetection\EdgeDetection\Debug\link.3496.write.1.tlog
C:\Users\jonolss\Desktop\munin-image_processing-canny-edge\EdgeDetection\EdgeDetection\EdgeDetection\Debug\link.3748-cvtres.read.1.tlog
C:\Users\jonolss\Desktop\munin-image_processing-canny-edge\EdgeDetection\EdgeDetection\EdgeDetection\Debug\link.3748-cvtres.write.1.tlog
C:\Users\jonolss\Desktop\munin-image_processing-canny-edge\EdgeDetection\EdgeDetection\EdgeDetection\Debug\link.3748-rc.read.1.tlog
C:\Users\jonolss\Desktop\munin-image_processing-canny-edge\EdgeDetection\EdgeDetection\EdgeDetection\Debug\link.3748-rc.write.1.tlog
C:\Users\jonolss\Desktop\munin-image_processing-canny-edge\EdgeDetection\EdgeDetection\EdgeDetection\Debug\link.3748.read.1.tlog
C:\Users\jonolss\Desktop\munin-image_processing-canny-edge\EdgeDetection\EdgeDetection\EdgeDetection\Debug\link.3748.write.1.tlog
C:\Users\jonolss\Desktop\munin-image_processing-canny-edge\EdgeDetection\EdgeDetection\EdgeDetection\Debug\link.4024-cvtres.read.1.tlog
C:\Users\jonolss\Desktop\munin-image_processing-canny-edge\EdgeDetection\EdgeDetection\EdgeDetection\Debug\link.4024-cvtres.write.1.tlog
C:\Users\jonolss\Desktop\munin-image_processing-canny-edge\EdgeDetection\EdgeDetection\EdgeDetection\Debug\link.4024-rc.read.1.tlog
C:\Users\jonolss\Desktop\munin-image_processing-canny-edge\EdgeDetection\EdgeDetection\EdgeDetection\Debug\link.4024-rc.write.1.tlog
C:\Users\jonolss\Desktop\munin-image_processing-canny-edge\EdgeDetection\EdgeDetection\EdgeDetection\Debug\link.4024.read.1.tlog
C:\Users\jonolss\Desktop\munin-image_processing-canny-edge\EdgeDetection\EdgeDetection\EdgeDetection\Debug\link.4024.write.1.tlog
C:\Users\jonolss\Desktop\munin-image_processing-canny-edge\EdgeDetection\EdgeDetection\EdgeDetection\Debug\link.4028-cvtres.read.1.tlog
C:\Users\jonolss\Desktop\munin-image_processing-canny-edge\EdgeDetection\EdgeDetection\EdgeDetection\Debug\link.4028-cvtres.write.1.tlog
C:\Users\jonolss\Desktop\munin-image_processing-canny-edge\EdgeDetection\EdgeDetection\EdgeDetection\Debug\link.4028-rc.read.1.tlog
C:\Users\jonolss\Desktop\munin-image_processing-canny-edge\EdgeDetection\EdgeDetection\EdgeDetection\Debug\link.4028-rc.write.1.tlog
C:\Users\jonolss\Desktop\munin-image_processing-canny-edge\EdgeDetection\EdgeDetection\EdgeDetection\Debug\link.4028.read.1.tlog
C:\Users\jonolss\Desktop\munin-image_processing-canny-edge\EdgeDetection\EdgeDetection\EdgeDetection\Debug\link.4028.write.1.tlog
C:\Users\jonolss\Desktop\munin-image_processing-canny-edge\EdgeDetection\EdgeDetection\EdgeDetection\Debug\link.4428-cvtres.read.1.tlog
C:\Users\jonolss\Desktop\munin-image_processing-canny-edge\EdgeDetection\EdgeDetection\EdgeDetection\Debug\link.4428-cvtres.write.1.tlog
C:\Users\jonolss\Desktop\munin-image_processing-canny-edge\EdgeDetection\EdgeDetection\EdgeDetection\Debug\link.4428-rc.read.1.tlog
C:\Users\jonolss\Desktop\munin-image_processing-canny-edge\EdgeDetection\EdgeDetection\EdgeDetection\Debug\link.4428-rc.write.1.tlog
C:\Users\jonolss\Desktop\munin-image_processing-canny-edge\EdgeDetection\EdgeDetection\EdgeDetection\Debug\link.4428.read.1.tlog
C:\Users\jonolss\Desktop\munin-image_processing-canny-edge\EdgeDetection\EdgeDetection\EdgeDetection\Debug\link.4428.write.1.tlog
C:\Users\jonolss\Desktop\munin-image_processing-canny-edge\EdgeDetection\EdgeDetection\EdgeDetection\Debug\link.688-cvtres.read.1.tlog
C:\Users\jonolss\Desktop\munin-image_processing-canny-edge\EdgeDetection\EdgeDetection\EdgeDetection\Debug\link.688-cvtres.write.1.tlog
C:\Users\jonolss\Desktop\munin-image_processing-canny-edge\EdgeDetection\EdgeDetection\EdgeDetection\Debug\link.688-rc.read.1.tlog
C:\Users\jonolss\Desktop\munin-image_processing-canny-edge\EdgeDetection\EdgeDetection\EdgeDetection\Debug\link.688-rc.write.1.tlog
C:\Users\jonolss\Desktop\munin-image_processing-canny-edge\EdgeDetection\EdgeDetection\EdgeDetection\Debug\link.688.read.1.tlog
C:\Users\jonolss\Desktop\munin-image_processing-canny-edge\EdgeDetection\EdgeDetection\EdgeDetection\Debug\link.688.write.1.tlog
C:\Users\jonolss\Desktop\munin-image_processing-canny-edge\EdgeDetection\EdgeDetection\EdgeDetection\Debug\link.command.1.tlog
C:\Users\jonolss\Desktop\munin-image_processing-canny-edge\EdgeDetection\EdgeDetection\EdgeDetection\Debug\link.read.1.tlog
C:\Users\jonolss\Desktop\munin-image_processing-canny-edge\EdgeDetection\EdgeDetection\EdgeDetection\Debug\link.write.1.tlog
C:\Users\jonolss\Desktop\munin-image_processing-canny-edge\EdgeDetection\EdgeDetection\EdgeDetection\Debug\vc110.idb
C:\Users\jonolss\Desktop\munin-image_processing-canny-edge\EdgeDetection\EdgeDetection\EdgeDetection\Debug\EdgeDetection.pdb
C:\Users\jonolss\Desktop\munin-image_processing-canny-edge\EdgeDetection\EdgeDetection\EdgeDetection\Debug\vc110.pdb
C:\Users\jonolss\Desktop\munin-image_processing-canny-edge\EdgeDetection\EdgeDetection\Debug\EdgeDetection.pdb
